<?xml version="1.0" encoding="UTF-8"?>
<!-- Generated by org.testng.reporters.JUnitXMLReporter -->
<testsuite ignored="0" hostname="LAPTOP-9F7R9QLI" failures="0" tests="4" name="Test" time="19.455" errors="0" timestamp="2025-10-26T01:24:05 IST">
  <testcase classname="type_of_Execution.Demo1" name="case1" time="3.715"/>
  <testcase classname="type_of_Execution.Demo1" name="case101" time="3.043"/>
  <testcase classname="type_of_Execution.Demo2" name="case2" time="6.348"/>
  <testcase classname="type_of_Execution.Demo3" name="case3" time="6.3"/>
</testsuite> <!-- Test -->
