<?xml version="1.0" encoding="UTF-8"?>
<!-- Generated by org.testng.reporters.JUnitReportReporter -->
<testsuite hostname="LAPTOP-9F7R9QLI" failures="0" tests="5" name="dp_extra.ArrayCheck" time="0.013" errors="0" timestamp="2025-10-25T21:01:52 IST" skipped="0">
  <testcase classname="dp_extra.ArrayCheck" name="loginToSauceDemo" time="0.001"/>
  <testcase classname="dp_extra.ArrayCheck" name="loginToSauceDemo" time="0.002"/>
  <testcase classname="dp_extra.ArrayCheck" name="loginToSauceDemo" time="0.001"/>
  <testcase classname="dp_extra.ArrayCheck" name="loginToSauceDemo" time="0.002"/>
  <testcase classname="dp_extra.ArrayCheck" name="loginToSauceDemo" time="0.007"/>
</testsuite> <!-- dp_extra.ArrayCheck -->
