<?xml version="1.0" encoding="UTF-8"?>
<!-- Generated by org.testng.reporters.JUnitReportReporter -->
<testsuite hostname="LAPTOP-9F7R9QLI" failures="0" tests="3" name="testing_extra.Demo2" time="0.011" errors="0" timestamp="2025-10-25T21:05:23 IST" skipped="0">
  <testcase classname="testing_extra.Demo2" name="create" time="0.008"/>
  <testcase classname="testing_extra.Demo2" name="modify" time="0.002"/>
  <testcase classname="testing_extra.Demo2" name="delete" time="0.001"/>
</testsuite> <!-- testing_extra.Demo2 -->
