<?xml version="1.0" encoding="UTF-8"?>
<!-- Generated by org.testng.reporters.JUnitReportReporter -->
<testsuite hostname="LAPTOP-9F7R9QLI" failures="0" tests="3" name="testing_extra.DemoTest" time="0.011" errors="0" timestamp="2025-10-25T21:15:16 IST" skipped="0">
  <testcase classname="testing_extra.DemoTest" name="case2" time="0.002">
    <system-out>
      <![CDATA[Case 2 : Please go ElseWhere.......]]>
    </system-out>
  </testcase> <!-- case2 -->
  <testcase classname="testing_extra.DemoTest" name="case1" time="0.008"/>
  <testcase classname="testing_extra.DemoTest" name="case3" time="0.001">
    <system-out>
      <![CDATA[Case 3 : Please go ElseWhere..........]]>
    </system-out>
  </testcase> <!-- case3 -->
  <system-out>
    <![CDATA[Case 2 : Please go ElseWhere.......
Case 3 : Please go ElseWhere..........]]>
  </system-out>
</testsuite> <!-- testing_extra.DemoTest -->
