<?xml version="1.0" encoding="UTF-8"?>
<!-- Generated by org.testng.reporters.JUnitReportReporter -->
<testsuite hostname="LAPTOP-9F7R9QLI" failures="0" tests="11" name="testing_extra.DemoForInvocationTest" time="31.569" errors="0" timestamp="2025-10-25T21:14:39 IST" skipped="1">
  <testcase classname="testing_extra.DemoForInvocationTest" name="case3" time="3.453"/>
  <testcase classname="testing_extra.DemoForInvocationTest" name="case3" time="2.995"/>
  <testcase classname="testing_extra.DemoForInvocationTest" name="case3" time="2.969"/>
  <testcase classname="testing_extra.DemoForInvocationTest" name="case3" time="3.453"/>
  <testcase classname="testing_extra.DemoForInvocationTest" name="case3" time="2.994"/>
  <testcase classname="testing_extra.DemoForInvocationTest" name="case3" time="3.023"/>
  <testcase classname="testing_extra.DemoForInvocationTest" name="case3" time="2.879"/>
  <testcase classname="testing_extra.DemoForInvocationTest" name="case3" time="3.124"/>
  <testcase classname="testing_extra.DemoForInvocationTest" name="case3" time="3.453"/>
  <testcase classname="testing_extra.DemoForInvocationTest" name="case3" time="3.226"/>
  <testcase classname="testing_extra.DemoForInvocationTest" name="case2">
    <skipped/>
  </testcase> <!-- case2 -->
</testsuite> <!-- testing_extra.DemoForInvocationTest -->
